===============================================================================
Tue Apr 30 17:49:56 Hora de verano romance 2024
-------------------------------------------------------------------------------
Collecting map data
'Collecting map data' on frame 0
'Collecting map data' on frame 1
'Collecting map data' on frame 2
'Collecting map data' on frame 3
'Collecting map data' on frame 4
'Collecting map data' on frame 5
'Collecting map data' on frame 6
'Collecting map data' on frame 7
'Collecting map data' on frame 8
'Collecting map data' on frame 9
'Collecting map data' on frame 10
'Collecting map data' on frame 11
'Collecting map data' on frame 12
'Collecting map data' on frame 13
'Collecting map data' on frame 14
'Collecting map data' on frame 15
'Collecting map data' on frame 16
'Collecting map data' on frame 17
'Collecting map data' on frame 18
'Collecting map data' on frame 19
'Collecting map data' on frame 20
'Collecting map data' on frame 21
'Collecting map data' on frame 22
'Collecting map data' on frame 23
'Collecting map data' on frame 24
'Collecting map data' on frame 25
'Collecting map data' on frame 26
'Collecting map data' on frame 27
'Collecting map data' on frame 28
'Collecting map data' on frame 29
'Collecting map data' on frame 30
'Collecting map data' on frame 31
'Collecting map data' on frame 32
'Collecting map data' on frame 33
'Collecting map data' on frame 34
'Collecting map data' on frame 35
'Collecting map data' on frame 36
'Collecting map data' on frame 37
'Collecting map data' on frame 38
'Collecting map data' on frame 39
'Collecting map data' on frame 40
'Collecting map data' on frame 41
'Collecting map data' on frame 42
'Collecting map data' on frame 43
'Collecting map data' on frame 44
'Collecting map data' on frame 45
'Collecting map data' on frame 46
Drawing preview
'Drawing preview' on frame 0
Script 'SDK' line 0: SystemExit occured.

(eval):129:in `exit'exit

Backtrace:
'SDK' line 0(eval) 129:in `update'
'SDK' line 0(eval) 129:in `update'
'SDK_Scene_Base' line 110 in `update_modules'
'SDK_Scene_Base' line 91 in `main_loop'
'SDK_Scene_Base' line 47 in `main'
'SDK_Scene_Base' line 46 in `loop'
'SDK_Scene_Base' line 49 in `main'
'Main' line 12

===============================================================================
Sat May 04 00:18:57 Hora de verano romance 2024
-------------------------------------------------------------------------------
Collecting map data
'Collecting map data' on frame 0
'Collecting map data' on frame 1
'Collecting map data' on frame 2
'Collecting map data' on frame 3
'Collecting map data' on frame 4
'Collecting map data' on frame 5
'Collecting map data' on frame 6
'Collecting map data' on frame 7
'Collecting map data' on frame 8
'Collecting map data' on frame 9
'Collecting map data' on frame 10
'Collecting map data' on frame 11
'Collecting map data' on frame 12
'Collecting map data' on frame 13
'Collecting map data' on frame 14
'Collecting map data' on frame 15
'Collecting map data' on frame 16
'Collecting map data' on frame 17
'Collecting map data' on frame 18
'Collecting map data' on frame 19
'Collecting map data' on frame 20
Drawing preview
'Drawing preview' on frame 0
Saving "lavabo vecino 3"
'Saving "lavabo vecino 3"' on frame 0
'Saving "lavabo vecino 3"' on frame 1
'Saving "lavabo vecino 3"' on frame 2
'Saving "lavabo vecino 3"' on frame 3
'Saving "lavabo vecino 3"' on frame 4
'Saving "lavabo vecino 3"' on frame 5
'Saving "lavabo vecino 3"' on frame 6
'Saving "lavabo vecino 3"' on frame 7
'Saving "lavabo vecino 3"' on frame 8
'Saving "lavabo vecino 3"' on frame 9
'Saving "lavabo vecino 3"' on frame 10
'Saving "lavabo vecino 3"' on frame 11
'Saving "lavabo vecino 3"' on frame 12
'Saving "lavabo vecino 3"' on frame 13
'Saving "lavabo vecino 3"' on frame 14
'Saving "lavabo vecino 3"' on frame 15
'Saving "lavabo vecino 3"' on frame 16
'Saving "lavabo vecino 3"' on frame 17
'Saving "lavabo vecino 3"' on frame 18
'Saving "lavabo vecino 3"' on frame 19
'Saving "lavabo vecino 3"' on frame 20
'Saving "lavabo vecino 3"' on frame 21
'Saving "lavabo vecino 3"' on frame 22
'Saving "lavabo vecino 3"' on frame 23
'Saving "lavabo vecino 3"' on frame 24
'Saving "lavabo vecino 3"' on frame 25
'Saving "lavabo vecino 3"' on frame 26
'Saving "lavabo vecino 3"' on frame 27
'Saving "lavabo vecino 3"' on frame 28
'Saving "lavabo vecino 3"' on frame 29
'Saving "lavabo vecino 3"' on frame 30
'Saving "lavabo vecino 3"' on frame 31
'Saving "lavabo vecino 3"' on frame 32
'Saving "lavabo vecino 3"' on frame 33
'Saving "lavabo vecino 3"' on frame 34
'Saving "lavabo vecino 3"' on frame 35
'Saving "lavabo vecino 3"' on frame 36
'Saving "lavabo vecino 3"' on frame 37
'Saving "lavabo vecino 3"' on frame 38
'Saving "lavabo vecino 3"' on frame 39
'Saving "lavabo vecino 3"' on frame 40
'Saving "lavabo vecino 3"' on frame 41
'Saving "lavabo vecino 3"' on frame 42
'Saving "lavabo vecino 3"' on frame 43
'Saving "lavabo vecino 3"' on frame 44
'Saving "lavabo vecino 3"' on frame 45
'Saving "lavabo vecino 3"' on frame 46
'Saving "lavabo vecino 3"' on frame 47
'Saving "lavabo vecino 3"' on frame 48
'Saving "lavabo vecino 3"' on frame 49
'Saving "lavabo vecino 3"' on frame 50
'Saving "lavabo vecino 3"' on frame 51
'Saving "lavabo vecino 3"' on frame 52
'Saving "lavabo vecino 3"' on frame 53
'Saving "lavabo vecino 3"' on frame 54
'Saving "lavabo vecino 3"' on frame 55
'Saving "lavabo vecino 3"' on frame 56
'Saving "lavabo vecino 3"' on frame 57
'Saving "lavabo vecino 3"' on frame 58
'Saving "lavabo vecino 3"' on frame 59
'Saving "lavabo vecino 3"' on frame 60
'Saving "lavabo vecino 3"' on frame 61
'Saving "lavabo vecino 3"' on frame 62
'Saving "lavabo vecino 3"' on frame 63
'Saving "lavabo vecino 3"' on frame 64
'Saving "lavabo vecino 3"' on frame 65
'Saving "lavabo vecino 3"' on frame 66
'Saving "lavabo vecino 3"' on frame 67
'Saving "lavabo vecino 3"' on frame 68
'Saving "lavabo vecino 3"' on frame 69
'Saving "lavabo vecino 3"' on frame 70
'Saving "lavabo vecino 3"' on frame 71
'Saving "lavabo vecino 3"' on frame 72
'Saving "lavabo vecino 3"' on frame 73
'Saving "lavabo vecino 3"' on frame 74
'Saving "lavabo vecino 3"' on frame 75
'Saving "lavabo vecino 3"' on frame 76
'Saving "lavabo vecino 3"' on frame 77
'Saving "lavabo vecino 3"' on frame 78
'Saving "lavabo vecino 3"' on frame 79
'Saving "lavabo vecino 3"' on frame 80
'Saving "lavabo vecino 3"' on frame 81
'Saving "lavabo vecino 3"' on frame 82
'Saving "lavabo vecino 3"' on frame 83
'Saving "lavabo vecino 3"' on frame 84
'Saving "lavabo vecino 3"' on frame 85
'Saving "lavabo vecino 3"' on frame 86
'Saving "lavabo vecino 3"' on frame 87
'Saving "lavabo vecino 3"' on frame 88
'Saving "lavabo vecino 3"' on frame 89
'Saving "lavabo vecino 3"' on frame 90
'Saving "lavabo vecino 3"' on frame 91
'Saving "lavabo vecino 3"' on frame 92
'Saving "lavabo vecino 3"' on frame 93
'Saving "lavabo vecino 3"' on frame 94
'Saving "lavabo vecino 3"' on frame 95
'Saving "lavabo vecino 3"' on frame 96
'Saving "lavabo vecino 3"' on frame 97
'Saving "lavabo vecino 3"' on frame 98
'Saving "lavabo vecino 3"' on frame 99
Script 'SDK' line 0: SystemExit occured.

(eval):129:in `exit'exit

Backtrace:
'SDK' line 0(eval) 129:in `update'
'SDK' line 0(eval) 129:in `update'
'SDK_Scene_Base' line 110 in `update_modules'
'SDK_Scene_Base' line 91 in `main_loop'
'SDK_Scene_Base' line 47 in `main'
'SDK_Scene_Base' line 46 in `loop'
'SDK_Scene_Base' line 49 in `main'
'Main' line 12

